2012-08-25 21:31:15,287 [Worker-2] INFO  o.e.m.c.i.i.nexus.NexusIndexManager - Updating index for repository: central|http://repo.maven.apache.org/maven2
2012-08-25 21:31:15,635 [Worker-2] INFO  c.n.h.c.p.n.NettyAsyncHttpProvider - Number of application's worked threads is 8
2012-08-25 21:36:16,150 [Worker-2] INFO  o.e.m.c.i.i.nexus.NexusIndexManager - Updated index for repository: central|http://repo.maven.apache.org/maven2 in 300870 ms
2012-08-25 22:48:21,335 [Worker-4] INFO  o.e.m.c.i.i.nexus.NexusIndexManager - Updated local repository index
2016-08-16 15:14:05,977 [Worker-2] INFO  c.g.t.t.d.PublishedGradleVersions - Gradle version information cache is up-to-date. Trying to read.
2016-08-17 13:44:43,999 [Worker-1] INFO  c.g.t.t.d.PublishedGradleVersions - Gradle version information cache is up-to-date. Trying to read.
2016-08-17 13:59:53,450 [main] ERROR o.e.m.c.i.p.r.ProjectRegistryReader - Can't read workspace state
java.io.InvalidClassException: org.eclipse.m2e.core.internal.project.registry.BasicProjectRegistry; local class incompatible: stream classdesc serialVersionUID = 5542512601401896748, local class serialVersionUID = 6232274446642339434
	at java.io.ObjectStreamClass.initNonProxy(ObjectStreamClass.java:616) ~[na:1.8.0_102]
	at java.io.ObjectInputStream.readNonProxyDesc(ObjectInputStream.java:1630) ~[na:1.8.0_102]
	at java.io.ObjectInputStream.readClassDesc(ObjectInputStream.java:1521) ~[na:1.8.0_102]
	at java.io.ObjectInputStream.readNonProxyDesc(ObjectInputStream.java:1630) ~[na:1.8.0_102]
	at java.io.ObjectInputStream.readClassDesc(ObjectInputStream.java:1521) ~[na:1.8.0_102]
	at java.io.ObjectInputStream.readOrdinaryObject(ObjectInputStream.java:1781) ~[na:1.8.0_102]
	at java.io.ObjectInputStream.readObject0(ObjectInputStream.java:1353) ~[na:1.8.0_102]
	at java.io.ObjectInputStream.readObject(ObjectInputStream.java:373) ~[na:1.8.0_102]
	at org.eclipse.m2e.core.internal.project.registry.ProjectRegistryReader.readWorkspaceState(ProjectRegistryReader.java:100) ~[org.eclipse.m2e.core_1.7.0.20160603-1933.jar:na]
	at org.eclipse.m2e.core.internal.project.registry.ProjectRegistryManager.<init>(ProjectRegistryManager.java:164) [org.eclipse.m2e.core_1.7.0.20160603-1933.jar:na]
	at org.eclipse.m2e.core.internal.MavenPluginActivator.start(MavenPluginActivator.java:211) [org.eclipse.m2e.core_1.7.0.20160603-1933.jar:na]
	at org.eclipse.osgi.internal.framework.BundleContextImpl$3.run(BundleContextImpl.java:774) [org.eclipse.osgi_3.11.0.v20160603-1336.jar:na]
	at org.eclipse.osgi.internal.framework.BundleContextImpl$3.run(BundleContextImpl.java:1) [org.eclipse.osgi_3.11.0.v20160603-1336.jar:na]
	at java.security.AccessController.doPrivileged(Native Method) [na:1.8.0_102]
	at org.eclipse.osgi.internal.framework.BundleContextImpl.startActivator(BundleContextImpl.java:767) [org.eclipse.osgi_3.11.0.v20160603-1336.jar:na]
	at org.eclipse.osgi.internal.framework.BundleContextImpl.start(BundleContextImpl.java:724) [org.eclipse.osgi_3.11.0.v20160603-1336.jar:na]
	at org.eclipse.osgi.internal.framework.EquinoxBundle.startWorker0(EquinoxBundle.java:932) [org.eclipse.osgi_3.11.0.v20160603-1336.jar:na]
	at org.eclipse.osgi.internal.framework.EquinoxBundle$EquinoxModule.startWorker(EquinoxBundle.java:309) [org.eclipse.osgi_3.11.0.v20160603-1336.jar:na]
	at org.eclipse.osgi.container.Module.doStart(Module.java:581) [org.eclipse.osgi_3.11.0.v20160603-1336.jar:na]
	at org.eclipse.osgi.container.Module.start(Module.java:449) [org.eclipse.osgi_3.11.0.v20160603-1336.jar:na]
	at org.eclipse.osgi.framework.util.SecureAction.start(SecureAction.java:470) [org.eclipse.osgi_3.11.0.v20160603-1336.jar:na]
	at org.eclipse.osgi.internal.hooks.EclipseLazyStarter.postFindLocalClass(EclipseLazyStarter.java:107) [org.eclipse.osgi_3.11.0.v20160603-1336.jar:na]
	at org.eclipse.osgi.internal.loader.classpath.ClasspathManager.findLocalClass(ClasspathManager.java:529) [org.eclipse.osgi_3.11.0.v20160603-1336.jar:na]
	at org.eclipse.osgi.internal.loader.ModuleClassLoader.findLocalClass(ModuleClassLoader.java:325) [org.eclipse.osgi_3.11.0.v20160603-1336.jar:na]
	at org.eclipse.osgi.internal.loader.BundleLoader.findLocalClass(BundleLoader.java:334) [org.eclipse.osgi_3.11.0.v20160603-1336.jar:na]
	at org.eclipse.osgi.internal.loader.sources.SingleSourcePackage.loadClass(SingleSourcePackage.java:36) [org.eclipse.osgi_3.11.0.v20160603-1336.jar:na]
	at org.eclipse.osgi.internal.loader.BundleLoader.findClassInternal(BundleLoader.java:407) [org.eclipse.osgi_3.11.0.v20160603-1336.jar:na]
	at org.eclipse.osgi.internal.loader.BundleLoader.findClass(BundleLoader.java:361) [org.eclipse.osgi_3.11.0.v20160603-1336.jar:na]
	at org.eclipse.osgi.internal.loader.BundleLoader.findClass(BundleLoader.java:353) [org.eclipse.osgi_3.11.0.v20160603-1336.jar:na]
	at org.eclipse.osgi.internal.loader.ModuleClassLoader.loadClass(ModuleClassLoader.java:161) [org.eclipse.osgi_3.11.0.v20160603-1336.jar:na]
	at java.lang.ClassLoader.loadClass(ClassLoader.java:357) [na:1.8.0_102]
	at java.lang.Class.getDeclaredConstructors0(Native Method) [na:1.8.0_102]
	at java.lang.Class.privateGetDeclaredConstructors(Class.java:2671) [na:1.8.0_102]
	at java.lang.Class.getConstructor0(Class.java:3075) [na:1.8.0_102]
	at java.lang.Class.newInstance(Class.java:412) [na:1.8.0_102]
	at org.eclipse.osgi.internal.framework.BundleContextImpl.loadBundleActivator(BundleContextImpl.java:758) [org.eclipse.osgi_3.11.0.v20160603-1336.jar:na]
	at org.eclipse.osgi.internal.framework.BundleContextImpl.start(BundleContextImpl.java:711) [org.eclipse.osgi_3.11.0.v20160603-1336.jar:na]
	at org.eclipse.osgi.internal.framework.EquinoxBundle.startWorker0(EquinoxBundle.java:932) [org.eclipse.osgi_3.11.0.v20160603-1336.jar:na]
	at org.eclipse.osgi.internal.framework.EquinoxBundle$EquinoxModule.startWorker(EquinoxBundle.java:309) [org.eclipse.osgi_3.11.0.v20160603-1336.jar:na]
	at org.eclipse.osgi.container.Module.doStart(Module.java:581) [org.eclipse.osgi_3.11.0.v20160603-1336.jar:na]
	at org.eclipse.osgi.container.Module.start(Module.java:449) [org.eclipse.osgi_3.11.0.v20160603-1336.jar:na]
	at org.eclipse.osgi.framework.util.SecureAction.start(SecureAction.java:470) [org.eclipse.osgi_3.11.0.v20160603-1336.jar:na]
	at org.eclipse.osgi.internal.hooks.EclipseLazyStarter.postFindLocalClass(EclipseLazyStarter.java:107) [org.eclipse.osgi_3.11.0.v20160603-1336.jar:na]
	at org.eclipse.osgi.internal.loader.classpath.ClasspathManager.findLocalClass(ClasspathManager.java:529) [org.eclipse.osgi_3.11.0.v20160603-1336.jar:na]
	at org.eclipse.osgi.internal.loader.ModuleClassLoader.findLocalClass(ModuleClassLoader.java:325) [org.eclipse.osgi_3.11.0.v20160603-1336.jar:na]
	at org.eclipse.osgi.internal.loader.BundleLoader.findLocalClass(BundleLoader.java:334) [org.eclipse.osgi_3.11.0.v20160603-1336.jar:na]
	at org.eclipse.osgi.internal.loader.BundleLoader.findClassInternal(BundleLoader.java:411) [org.eclipse.osgi_3.11.0.v20160603-1336.jar:na]
	at org.eclipse.osgi.internal.loader.BundleLoader.findClass(BundleLoader.java:361) [org.eclipse.osgi_3.11.0.v20160603-1336.jar:na]
	at org.eclipse.osgi.internal.loader.BundleLoader.findClass(BundleLoader.java:353) [org.eclipse.osgi_3.11.0.v20160603-1336.jar:na]
	at org.eclipse.osgi.internal.loader.ModuleClassLoader.loadClass(ModuleClassLoader.java:161) [org.eclipse.osgi_3.11.0.v20160603-1336.jar:na]
	at java.lang.ClassLoader.loadClass(ClassLoader.java:357) [na:1.8.0_102]
	at org.eclipse.osgi.internal.framework.EquinoxBundle.loadClass(EquinoxBundle.java:564) [org.eclipse.osgi_3.11.0.v20160603-1336.jar:na]
	at org.eclipse.core.internal.registry.osgi.RegistryStrategyOSGI.createExecutableExtension(RegistryStrategyOSGI.java:174) [org.eclipse.equinox.registry_3.6.100.v20160223-2218.jar:na]
	at org.eclipse.core.internal.registry.ExtensionRegistry.createExecutableExtension(ExtensionRegistry.java:905) [org.eclipse.equinox.registry_3.6.100.v20160223-2218.jar:na]
	at org.eclipse.core.internal.registry.ConfigurationElement.createExecutableExtension(ConfigurationElement.java:243) [org.eclipse.equinox.registry_3.6.100.v20160223-2218.jar:na]
	at org.eclipse.core.internal.registry.ConfigurationElementHandle.createExecutableExtension(ConfigurationElementHandle.java:55) [org.eclipse.equinox.registry_3.6.100.v20160223-2218.jar:na]
	at org.eclipse.jdt.core.JavaCore.getClasspathVariableInitializer(JavaCore.java:3675) [org.eclipse.jdt.core_3.12.0.v20160516-2131.jar:na]
	at org.eclipse.jdt.core.JavaCore.getClasspathVariable(JavaCore.java:3538) [org.eclipse.jdt.core_3.12.0.v20160516-2131.jar:na]
	at org.eclipse.jdt.internal.ui.wizards.buildpaths.VariableBlock.refresh(VariableBlock.java:414) [org.eclipse.jdt.ui_3.12.0.v20160525-1829.jar:na]
	at org.eclipse.jdt.internal.ui.wizards.buildpaths.VariableBlock.<init>(VariableBlock.java:111) [org.eclipse.jdt.ui_3.12.0.v20160525-1829.jar:na]
	at org.eclipse.jdt.internal.ui.preferences.ClasspathVariablesPreferencePage.<init>(ClasspathVariablesPreferencePage.java:50) [org.eclipse.jdt.ui_3.12.0.v20160525-1829.jar:na]
	at sun.reflect.NativeConstructorAccessorImpl.newInstance0(Native Method) [na:1.8.0_102]
	at sun.reflect.NativeConstructorAccessorImpl.newInstance(NativeConstructorAccessorImpl.java:62) [na:1.8.0_102]
	at sun.reflect.DelegatingConstructorAccessorImpl.newInstance(DelegatingConstructorAccessorImpl.java:45) [na:1.8.0_102]
	at java.lang.reflect.Constructor.newInstance(Constructor.java:423) [na:1.8.0_102]
	at java.lang.Class.newInstance(Class.java:442) [na:1.8.0_102]
	at org.eclipse.core.internal.registry.osgi.RegistryStrategyOSGI.createExecutableExtension(RegistryStrategyOSGI.java:184) [org.eclipse.equinox.registry_3.6.100.v20160223-2218.jar:na]
	at org.eclipse.core.internal.registry.ExtensionRegistry.createExecutableExtension(ExtensionRegistry.java:905) [org.eclipse.equinox.registry_3.6.100.v20160223-2218.jar:na]
	at org.eclipse.core.internal.registry.ConfigurationElement.createExecutableExtension(ConfigurationElement.java:243) [org.eclipse.equinox.registry_3.6.100.v20160223-2218.jar:na]
	at org.eclipse.core.internal.registry.ConfigurationElementHandle.createExecutableExtension(ConfigurationElementHandle.java:55) [org.eclipse.equinox.registry_3.6.100.v20160223-2218.jar:na]
	at org.eclipse.ui.internal.WorkbenchPlugin.createExtension(WorkbenchPlugin.java:282) [org.eclipse.ui.workbench_3.108.0.v20160602-1232.jar:na]
	at org.eclipse.ui.internal.dialogs.WorkbenchPreferenceNode.createPage(WorkbenchPreferenceNode.java:48) [org.eclipse.ui.workbench_3.108.0.v20160602-1232.jar:na]
	at org.eclipse.jface.preference.PreferenceDialog.createPage(PreferenceDialog.java:1280) [org.eclipse.jface_3.12.0.v20160518-1929.jar:na]
	at org.eclipse.ui.internal.dialogs.FilteredPreferenceDialog.createPage(FilteredPreferenceDialog.java:355) [org.eclipse.ui.workbench_3.108.0.v20160602-1232.jar:na]
	at org.eclipse.jface.preference.PreferenceDialog.showPage(PreferenceDialog.java:1167) [org.eclipse.jface_3.12.0.v20160518-1929.jar:na]
	at org.eclipse.ui.internal.dialogs.FilteredPreferenceDialog.showPage(FilteredPreferenceDialog.java:608) [org.eclipse.ui.workbench_3.108.0.v20160602-1232.jar:na]
	at org.eclipse.jface.preference.PreferenceDialog$5.lambda$0(PreferenceDialog.java:656) [org.eclipse.jface_3.12.0.v20160518-1929.jar:na]
	at org.eclipse.swt.custom.BusyIndicator.showWhile(BusyIndicator.java:70) ~[org.eclipse.swt.gtk.linux.x86_64_3.105.0.v20160603-0902.jar:na]
	at org.eclipse.jface.preference.PreferenceDialog$5.selectionChanged(PreferenceDialog.java:653) [org.eclipse.jface_3.12.0.v20160518-1929.jar:na]
	at org.eclipse.jface.viewers.StructuredViewer$3.run(StructuredViewer.java:878) ~[org.eclipse.jface_3.12.0.v20160518-1929.jar:na]
	at org.eclipse.core.runtime.SafeRunner.run(SafeRunner.java:42) ~[org.eclipse.equinox.common_3.8.0.v20160509-1230.jar:na]
	at org.eclipse.ui.internal.JFaceUtil$1.run(JFaceUtil.java:50) ~[na:na]
	at org.eclipse.jface.util.SafeRunnable.run(SafeRunnable.java:173) ~[org.eclipse.jface_3.12.0.v20160518-1929.jar:na]
	at org.eclipse.jface.viewers.StructuredViewer.firePostSelectionChanged(StructuredViewer.java:875) ~[org.eclipse.jface_3.12.0.v20160518-1929.jar:na]
	at org.eclipse.jface.viewers.StructuredViewer.handlePostSelect(StructuredViewer.java:1244) ~[org.eclipse.jface_3.12.0.v20160518-1929.jar:na]
	at org.eclipse.jface.viewers.StructuredViewer$5.widgetSelected(StructuredViewer.java:1270) ~[org.eclipse.jface_3.12.0.v20160518-1929.jar:na]
	at org.eclipse.jface.util.OpenStrategy.firePostSelectionEvent(OpenStrategy.java:265) ~[org.eclipse.jface_3.12.0.v20160518-1929.jar:na]
	at org.eclipse.jface.util.OpenStrategy.access$5(OpenStrategy.java:259) ~[org.eclipse.jface_3.12.0.v20160518-1929.jar:na]
	at org.eclipse.jface.util.OpenStrategy$1.lambda$1(OpenStrategy.java:431) ~[org.eclipse.jface_3.12.0.v20160518-1929.jar:na]
	at org.eclipse.swt.widgets.RunnableLock.run(RunnableLock.java:35) ~[org.eclipse.swt.gtk.linux.x86_64_3.105.0.v20160603-0902.jar:na]
	at org.eclipse.swt.widgets.Synchronizer.runAsyncMessages(Synchronizer.java:182) ~[org.eclipse.swt.gtk.linux.x86_64_3.105.0.v20160603-0902.jar:na]
	at org.eclipse.swt.widgets.Display.runAsyncMessages(Display.java:4528) ~[org.eclipse.swt.gtk.linux.x86_64_3.105.0.v20160603-0902.jar:na]
	at org.eclipse.swt.widgets.Display.readAndDispatch(Display.java:4146) ~[org.eclipse.swt.gtk.linux.x86_64_3.105.0.v20160603-0902.jar:na]
	at org.eclipse.jface.window.Window.runEventLoop(Window.java:818) ~[org.eclipse.jface_3.12.0.v20160518-1929.jar:na]
	at org.eclipse.jface.window.Window.open(Window.java:794) ~[org.eclipse.jface_3.12.0.v20160518-1929.jar:na]
	at org.eclipse.ui.internal.dialogs.WorkbenchPreferenceDialog.open(WorkbenchPreferenceDialog.java:211) ~[na:na]
	at org.eclipse.ui.internal.OpenPreferencesAction.run(OpenPreferencesAction.java:63) ~[na:na]
	at org.eclipse.jface.action.Action.runWithEvent(Action.java:473) ~[org.eclipse.jface_3.12.0.v20160518-1929.jar:na]
	at org.eclipse.jface.action.ActionContributionItem.handleWidgetSelection(ActionContributionItem.java:565) ~[org.eclipse.jface_3.12.0.v20160518-1929.jar:na]
	at org.eclipse.jface.action.ActionContributionItem.lambda$4(ActionContributionItem.java:397) ~[org.eclipse.jface_3.12.0.v20160518-1929.jar:na]
	at org.eclipse.swt.widgets.EventTable.sendEvent(EventTable.java:84) ~[org.eclipse.swt.gtk.linux.x86_64_3.105.0.v20160603-0902.jar:na]
	at org.eclipse.swt.widgets.Display.sendEvent(Display.java:5219) ~[org.eclipse.swt.gtk.linux.x86_64_3.105.0.v20160603-0902.jar:na]
	at org.eclipse.swt.widgets.Widget.sendEvent(Widget.java:1340) ~[org.eclipse.swt.gtk.linux.x86_64_3.105.0.v20160603-0902.jar:na]
	at org.eclipse.swt.widgets.Display.runDeferredEvents(Display.java:4553) ~[org.eclipse.swt.gtk.linux.x86_64_3.105.0.v20160603-0902.jar:na]
	at org.eclipse.swt.widgets.Display.readAndDispatch(Display.java:4143) ~[org.eclipse.swt.gtk.linux.x86_64_3.105.0.v20160603-0902.jar:na]
	at org.eclipse.e4.ui.internal.workbench.swt.PartRenderingEngine$4.run(PartRenderingEngine.java:1121) ~[na:na]
	at org.eclipse.core.databinding.observable.Realm.runWithDefault(Realm.java:336) ~[na:na]
	at org.eclipse.e4.ui.internal.workbench.swt.PartRenderingEngine.run(PartRenderingEngine.java:1022) ~[na:na]
	at org.eclipse.e4.ui.internal.workbench.E4Workbench.createAndRunUI(E4Workbench.java:150) ~[na:na]
	at org.eclipse.ui.internal.Workbench$5.run(Workbench.java:687) ~[na:na]
	at org.eclipse.core.databinding.observable.Realm.runWithDefault(Realm.java:336) ~[na:na]
	at org.eclipse.ui.internal.Workbench.createAndRunWorkbench(Workbench.java:604) ~[na:na]
	at org.eclipse.ui.PlatformUI.createAndRunWorkbench(PlatformUI.java:148) ~[na:na]
	at org.eclipse.ui.internal.ide.application.IDEApplication.start(IDEApplication.java:138) ~[na:na]
	at org.eclipse.equinox.internal.app.EclipseAppHandle.run(EclipseAppHandle.java:196) ~[org.eclipse.equinox.app_1.3.400.v20150715-1528.jar:na]
	at org.eclipse.core.runtime.internal.adaptor.EclipseAppLauncher.runApplication(EclipseAppLauncher.java:134) ~[org.eclipse.osgi_3.11.0.v20160603-1336.jar:na]
	at org.eclipse.core.runtime.internal.adaptor.EclipseAppLauncher.start(EclipseAppLauncher.java:104) ~[org.eclipse.osgi_3.11.0.v20160603-1336.jar:na]
	at org.eclipse.core.runtime.adaptor.EclipseStarter.run(EclipseStarter.java:388) ~[org.eclipse.osgi_3.11.0.v20160603-1336.jar:na]
	at org.eclipse.core.runtime.adaptor.EclipseStarter.run(EclipseStarter.java:243) ~[org.eclipse.osgi_3.11.0.v20160603-1336.jar:na]
	at sun.reflect.NativeMethodAccessorImpl.invoke0(Native Method) ~[na:1.8.0_102]
	at sun.reflect.NativeMethodAccessorImpl.invoke(NativeMethodAccessorImpl.java:62) ~[na:1.8.0_102]
	at sun.reflect.DelegatingMethodAccessorImpl.invoke(DelegatingMethodAccessorImpl.java:43) ~[na:1.8.0_102]
	at java.lang.reflect.Method.invoke(Method.java:498) ~[na:1.8.0_102]
	at org.eclipse.equinox.launcher.Main.invokeFramework(Main.java:673) ~[org.eclipse.equinox.launcher_1.3.200.v20160318-1642.jar:na]
	at org.eclipse.equinox.launcher.Main.basicRun(Main.java:610) ~[org.eclipse.equinox.launcher_1.3.200.v20160318-1642.jar:na]
	at org.eclipse.equinox.launcher.Main.run(Main.java:1519) ~[org.eclipse.equinox.launcher_1.3.200.v20160318-1642.jar:na]
	at org.eclipse.equinox.launcher.Main.main(Main.java:1492) ~[org.eclipse.equinox.launcher_1.3.200.v20160318-1642.jar:na]
2017-01-06 14:09:07,774 [Worker-2] INFO  c.g.t.t.d.PublishedGradleVersions - Gradle version information cache is up-to-date. Trying to read.
2017-01-07 12:47:42,753 [Worker-3] INFO  c.g.t.t.d.PublishedGradleVersions - Gradle version information cache is up-to-date. Trying to read.
2017-08-17 15:57:25,869 [Worker-0] INFO  c.g.t.t.d.PublishedGradleVersions - Gradle version information cache is out-of-date. Trying to update.
2018-01-10 13:58:15,845 [Worker-1] INFO  c.g.t.t.d.PublishedGradleVersions - Gradle version information cache is up-to-date. Trying to read.
2018-01-10 14:10:09,796 [Worker-1] INFO  c.g.t.t.d.PublishedGradleVersions - Gradle version information cache is up-to-date. Trying to read.
2018-01-11 17:53:48,602 [Worker-3] INFO  c.g.t.t.d.PublishedGradleVersions - Gradle version information cache is out-of-date. Trying to update.
2018-01-11 20:05:29,295 [Worker-1] INFO  c.g.t.t.d.PublishedGradleVersions - Gradle version information cache is up-to-date. Trying to read.
2018-01-11 20:22:42,528 [Worker-5] INFO  c.g.t.t.d.PublishedGradleVersions - Gradle version information cache is up-to-date. Trying to read.
2018-01-18 14:15:48,819 [Worker-1] INFO  c.g.t.t.d.PublishedGradleVersions - Gradle version information cache is out-of-date. Trying to update.
2018-01-19 14:43:17,278 [Worker-4] INFO  c.g.t.t.d.PublishedGradleVersions - Gradle version information cache is out-of-date. Trying to update.
2018-01-23 13:58:06,572 [Worker-0] INFO  c.g.t.t.d.PublishedGradleVersions - Gradle version information cache is out-of-date. Trying to update.
2018-01-24 17:49:36,217 [Worker-3] INFO  c.g.t.t.d.PublishedGradleVersions - Gradle version information cache is out-of-date. Trying to update.
2018-01-30 12:05:00,437 [Worker-7] INFO  c.g.t.t.d.PublishedGradleVersions - Gradle version information cache is out-of-date. Trying to update.
2018-01-30 12:46:50,030 [Worker-7] INFO  c.g.t.t.d.PublishedGradleVersions - Gradle version information cache is up-to-date. Trying to read.
2018-01-30 13:50:20,552 [Worker-3] INFO  c.g.t.t.d.PublishedGradleVersions - Gradle version information cache is up-to-date. Trying to read.
2018-01-30 16:18:49,304 [Worker-5] INFO  c.g.t.t.d.PublishedGradleVersions - Gradle version information cache is up-to-date. Trying to read.
2018-01-31 15:09:59,151 [Worker-4] INFO  c.g.t.t.d.PublishedGradleVersions - Gradle version information cache is out-of-date. Trying to update.
2018-02-01 11:36:31,158 [Worker-5] INFO  c.g.t.t.d.PublishedGradleVersions - Gradle version information cache is up-to-date. Trying to read.
2018-02-01 20:02:20,276 [Worker-12] INFO  c.g.t.t.d.PublishedGradleVersions - Gradle version information cache is out-of-date. Trying to update.
2018-02-06 14:38:29,102 [Worker-2] INFO  c.g.t.t.d.PublishedGradleVersions - Gradle version information cache is out-of-date. Trying to update.
2018-02-12 00:32:40,195 [Worker-1] INFO  c.g.t.t.d.PublishedGradleVersions - Gradle version information cache is out-of-date. Trying to update.
2018-02-13 00:11:33,080 [Worker-1] INFO  c.g.t.t.d.PublishedGradleVersions - Gradle version information cache is up-to-date. Trying to read.
2018-02-19 12:21:48,582 [Worker-0] INFO  c.g.t.t.d.PublishedGradleVersions - Gradle version information cache is out-of-date. Trying to update.
2018-02-21 00:23:32,535 [Worker-1] INFO  c.g.t.t.d.PublishedGradleVersions - Gradle version information cache is out-of-date. Trying to update.
2018-02-21 21:44:15,150 [Worker-0] INFO  c.g.t.t.d.PublishedGradleVersions - Gradle version information cache is up-to-date. Trying to read.
2018-02-22 16:15:08,090 [Worker-0] INFO  c.g.t.t.d.PublishedGradleVersions - Gradle version information cache is out-of-date. Trying to update.
2018-02-22 22:47:01,166 [Worker-3] INFO  c.g.t.t.d.PublishedGradleVersions - Gradle version information cache is up-to-date. Trying to read.
2018-02-23 23:47:35,881 [Worker-13] INFO  c.g.t.t.d.PublishedGradleVersions - Gradle version information cache is out-of-date. Trying to update.
2018-02-25 00:46:27,631 [Worker-0] INFO  c.g.t.t.d.PublishedGradleVersions - Gradle version information cache is out-of-date. Trying to update.
2018-02-27 18:30:56,236 [Worker-3] INFO  c.g.t.t.d.PublishedGradleVersions - Gradle version information cache is out-of-date. Trying to update.
2018-03-04 20:31:38,369 [Worker-4] INFO  c.g.t.t.d.PublishedGradleVersions - Gradle version information cache is out-of-date. Trying to update.
2018-03-06 14:04:42,359 [Worker-3] INFO  c.g.t.t.d.PublishedGradleVersions - Gradle version information cache is out-of-date. Trying to update.
2018-03-06 20:05:32,910 [Worker-7] INFO  c.g.t.t.d.PublishedGradleVersions - Gradle version information cache is up-to-date. Trying to read.
2018-03-08 21:27:49,378 [Worker-12] INFO  c.g.t.t.d.PublishedGradleVersions - Gradle version information cache is out-of-date. Trying to update.
